{
  "RSpec": {
    "coverage": {
      "/Users/ethangrab/turing/4module/projects/take_home/spec/requests/api/v1/events/index_spec.rb": [
        1,
        null,
        1,
        1,
        1,
        1,
        null,
        1,
        null,
        1,
        null,
        1,
        null,
        1,
        null,
        null,
        1,
        1,
        1,
        1,
        null,
        1,
        null,
        1,
        1,
        1,
        null,
        null,
        null,
        null
      ],
      "/Users/ethangrab/turing/4module/projects/take_home/spec/requests/api/v1/olympians/index_spec.rb": [
        1,
        null,
        1,
        1,
        1,
        1,
        null,
        1,
        null,
        1,
        null,
        1,
        null,
        1,
        null,
        null,
        1,
        1,
        1,
        1,
        null,
        1,
        null,
        1,
        1,
        1,
        1,
        1,
        1,
        null,
        null,
        null,
        null
      ],
      "/Users/ethangrab/turing/4module/projects/take_home/spec/requests/api/v1/olympians/show_spec.rb": [
        1,
        null,
        1,
        1,
        1,
        1,
        null,
        1,
        null,
        1,
        null,
        1,
        null,
        1,
        null,
        null,
        1,
        1,
        1,
        null,
        1,
        null,
        1,
        null,
        1,
        null,
        1,
        null,
        null,
        null,
        null
      ],
      "/Users/ethangrab/turing/4module/projects/take_home/spec/requests/api/v1/olympic_stats/show_spec.rb": [
        1,
        null,
        1,
        1,
        1,
        1,
        1,
        null,
        1,
        null,
        1,
        1,
        1,
        1,
        1,
        1,
        1,
        null,
        null,
        null
      ],
      "/Users/ethangrab/turing/4module/projects/take_home/app/models/olympian.rb": [
        1,
        null,
        null,
        1,
        6,
        null,
        null,
        1,
        1,
        null,
        null,
        1,
        1,
        null,
        null,
        1,
        1,
        null,
        null,
        1,
        1,
        null,
        null,
        1,
        1,
        null,
        null,
        1,
        1,
        null,
        null,
        null
      ],
      "/Users/ethangrab/turing/4module/projects/take_home/app/models/application_record.rb": [
        1,
        1,
        null
      ],
      "/Users/ethangrab/turing/4module/projects/take_home/app/controllers/api/v1/event_stats_controller.rb": [
        1,
        1,
        null,
        1,
        null,
        2,
        null,
        null,
        null,
        2,
        null,
        null,
        1,
        null,
        1,
        2,
        2,
        null,
        null,
        null,
        null
      ],
      "/Users/ethangrab/turing/4module/projects/take_home/app/controllers/application_controller.rb": [
        1,
        null
      ],
      "/Users/ethangrab/turing/4module/projects/take_home/app/controllers/api/v1/events_controller.rb": [
        1,
        null,
        1,
        2,
        null,
        null,
        null,
        2,
        2,
        4,
        4,
        null,
        null,
        null,
        null,
        2,
        null,
        null,
        null
      ],
      "/Users/ethangrab/turing/4module/projects/take_home/app/controllers/api/v1/olympians_controller.rb": [
        1,
        1,
        null,
        null,
        1,
        2,
        null,
        null,
        1,
        2,
        null,
        null,
        1,
        null,
        1,
        2,
        1,
        1,
        1,
        null,
        null,
        null,
        null
      ],
      "/Users/ethangrab/turing/4module/projects/take_home/app/serializer/olympian_serializer.rb": [
        1,
        1,
        1,
        null,
        null,
        null,
        null,
        1,
        6,
        null,
        null,
        null,
        null
      ],
      "/Users/ethangrab/turing/4module/projects/take_home/app/controllers/api/v1/olympian_stats_controller.rb": [
        1,
        null,
        1,
        null,
        1,
        null,
        null,
        null,
        null,
        null,
        null,
        null,
        null,
        null,
        null,
        null,
        null,
        1,
        null,
        null,
        null
      ]
    },
    "timestamp": 1564581171
  }
}
